This file contains any messages produced by compilers while
running configure, to aid debugging if configure makes a mistake.

It was created by configure, which was
generated by GNU Autoconf 2.69.  Invocation command line was

  $ ./configure --enable-maintainer-mode --enable-compile-warnings --enable-optimize=yes

## --------- ##
## Platform. ##
## --------- ##

hostname = edisonlee55mbp.local
uname -m = x86_64
uname -r = 19.4.0
uname -s = Darwin
uname -v = Darwin Kernel Version 19.4.0: Wed Mar  4 22:28:40 PST 2020; root:xnu-6153.101.6~15/RELEASE_X86_64

/usr/bin/uname -p = i386
/bin/uname -X     = unknown

/bin/arch              = unknown
/usr/bin/arch -k       = unknown
/usr/convex/getsysinfo = unknown
/usr/bin/hostinfo      = Mach kernel version:
	 Darwin Kernel Version 19.4.0: Wed Mar  4 22:28:40 PST 2020; root:xnu-6153.101.6~15/RELEASE_X86_64
Kernel configured for up to 4 processors.
2 processors are physically available.
4 processors are logically available.
Processor type: x86_64h (Intel x86-64h Haswell)
Processors active: 0 1 2 3
Primary memory available: 8.00 gigabytes
Default processor set: 436 tasks, 2390 threads, 4 processors
Load average: 2.09, Mach factor: 2.01
/bin/machine           = unknown
/usr/bin/oslevel       = unknown
/bin/universe          = unknown

PATH: /usr/local/opt/gettext/bin
PATH: /usr/local/opt/sphinx-doc/bin
PATH: /usr/local/sbin
PATH: /Users/edisonlee55/perl5/bin
PATH: /usr/local/opt/qt/bin
PATH: /usr/local/opt/curl/bin
PATH: /usr/local/opt/openssl/bin
PATH: /usr/local/opt/icu4c/sbin
PATH: /usr/local/opt/icu4c/bin
PATH: /usr/local/opt/sqlite/bin
PATH: /opt/local/bin
PATH: /opt/local/sbin
PATH: /usr/local/opt/python/libexec/bin
PATH: /usr/local/opt/sqlite/bin
PATH: /usr/local/opt/openssl/bin
PATH: /opt/local/bin
PATH: /opt/local/sbin
PATH: /usr/local/bin
PATH: /usr/bin
PATH: /bin
PATH: /usr/sbin
PATH: /sbin
PATH: /Applications/VMware Fusion.app/Contents/Public
PATH: /Library/TeX/texbin
PATH: /usr/local/MacGPG2/bin
PATH: /usr/local/share/dotnet
PATH: /opt/X11/bin
PATH: ~/.dotnet/tools
PATH: /Applications/Server.app/Contents/ServerRoot/usr/bin
PATH: /Applications/Server.app/Contents/ServerRoot/usr/sbin
PATH: /Library/Apple/usr/bin
PATH: /Library/Frameworks/Mono.framework/Versions/Current/Commands
PATH: /Applications/Wireshark.app/Contents/MacOS
PATH: /Applications/Xamarin Workbooks.app/Contents/SharedSupport/path-bin
PATH: /Users/edisonlee55/bin


## ----------- ##
## Core tests. ##
## ----------- ##

configure:2324: checking build system type
configure:2338: result: x86_64-apple-darwin19.4.0
configure:2358: checking host system type
configure:2371: result: x86_64-apple-darwin19.4.0
configure:2391: checking target system type
configure:2404: result: x86_64-apple-darwin19.4.0
configure:2450: checking for a BSD-compatible install
configure:2518: result: /usr/local/bin/ginstall -c
configure:2529: checking whether build environment is sane
configure:2584: result: yes
configure:2735: checking for a thread-safe mkdir -p
configure:2774: result: /usr/local/bin/gmkdir -p
configure:2781: checking for gawk
configure:2811: result: no
configure:2781: checking for mawk
configure:2811: result: no
configure:2781: checking for nawk
configure:2811: result: no
configure:2781: checking for awk
configure:2797: found /usr/bin/awk
configure:2808: result: awk
configure:2819: checking whether make sets $(MAKE)
configure:2841: result: yes
configure:2870: checking whether make supports nested variables
configure:2887: result: yes
configure:3015: checking whether to enable maintainer-specific portions of Makefiles
configure:3024: result: yes
configure:3095: checking for g++
configure:3111: found /usr/bin/g++
configure:3122: result: g++
configure:3149: checking for C++ compiler version
configure:3158: g++ --version >&5
Apple clang version 11.0.3 (clang-1103.0.32.62)
Target: x86_64-apple-darwin19.4.0
Thread model: posix
InstalledDir: /Applications/Xcode.app/Contents/Developer/Toolchains/XcodeDefault.xctoolchain/usr/bin
Configured with: --prefix=/Applications/Xcode.app/Contents/Developer/usr --with-gxx-include-dir=/Applications/Xcode.app/Contents/Developer/Platforms/MacOSX.platform/Developer/SDKs/MacOSX.sdk/usr/include/c++/4.2.1
configure:3169: $? = 0
configure:3158: g++ -v >&5
Configured with: --prefix=/Applications/Xcode.app/Contents/Developer/usr --with-gxx-include-dir=/Applications/Xcode.app/Contents/Developer/Platforms/MacOSX.platform/Developer/SDKs/MacOSX.sdk/usr/include/c++/4.2.1
Apple clang version 11.0.3 (clang-1103.0.32.62)
Target: x86_64-apple-darwin19.4.0
Thread model: posix
InstalledDir: /Applications/Xcode.app/Contents/Developer/Toolchains/XcodeDefault.xctoolchain/usr/bin
configure:3169: $? = 0
configure:3158: g++ -V >&5
clang: error: unsupported option '-V -Wno-objc-signed-char-bool-implicit-int-conversion'
clang: error: no input files
configure:3169: $? = 1
configure:3158: g++ -qversion >&5
clang: error: unknown argument '-qversion'; did you mean '--version'?
clang: error: no input files
configure:3169: $? = 1
configure:3189: checking whether the C++ compiler works
configure:3211: g++    conftest.cpp  >&5
configure:3215: $? = 0
configure:3263: result: yes
configure:3266: checking for C++ compiler default output file name
configure:3268: result: a.out
configure:3274: checking for suffix of executables
configure:3281: g++ -o conftest    conftest.cpp  >&5
configure:3285: $? = 0
configure:3307: result: 
configure:3329: checking whether we are cross compiling
configure:3337: g++ -o conftest    conftest.cpp  >&5
configure:3341: $? = 0
configure:3348: ./conftest
configure:3352: $? = 0
configure:3367: result: no
configure:3372: checking for suffix of object files
configure:3394: g++ -c   conftest.cpp >&5
configure:3398: $? = 0
configure:3419: result: o
configure:3423: checking whether we are using the GNU C++ compiler
configure:3442: g++ -c   conftest.cpp >&5
configure:3442: $? = 0
configure:3451: result: yes
configure:3460: checking whether g++ accepts -g
configure:3480: g++ -c -g  conftest.cpp >&5
configure:3480: $? = 0
configure:3521: result: yes
configure:3547: checking whether make supports the include directive
configure:3562: make -f confmf.GNU && cat confinc.out
this is the am__doit target
configure:3565: $? = 0
configure:3584: result: yes (GNU style)
configure:3609: checking dependency style of g++
configure:3720: result: gcc3
configure:3783: checking for gcc
configure:3799: found /usr/bin/gcc
configure:3810: result: gcc
configure:4039: checking for C compiler version
configure:4048: gcc --version >&5
Apple clang version 11.0.3 (clang-1103.0.32.62)
Target: x86_64-apple-darwin19.4.0
Thread model: posix
InstalledDir: /Applications/Xcode.app/Contents/Developer/Toolchains/XcodeDefault.xctoolchain/usr/bin
Configured with: --prefix=/Applications/Xcode.app/Contents/Developer/usr --with-gxx-include-dir=/Applications/Xcode.app/Contents/Developer/Platforms/MacOSX.platform/Developer/SDKs/MacOSX.sdk/usr/include/c++/4.2.1
configure:4059: $? = 0
configure:4048: gcc -v >&5
Configured with: --prefix=/Applications/Xcode.app/Contents/Developer/usr --with-gxx-include-dir=/Applications/Xcode.app/Contents/Developer/Platforms/MacOSX.platform/Developer/SDKs/MacOSX.sdk/usr/include/c++/4.2.1
Apple clang version 11.0.3 (clang-1103.0.32.62)
Target: x86_64-apple-darwin19.4.0
Thread model: posix
InstalledDir: /Applications/Xcode.app/Contents/Developer/Toolchains/XcodeDefault.xctoolchain/usr/bin
configure:4059: $? = 0
configure:4048: gcc -V >&5
clang: error: unsupported option '-V -Wno-objc-signed-char-bool-implicit-int-conversion'
clang: error: no input files
configure:4059: $? = 1
configure:4048: gcc -qversion >&5
clang: error: unknown argument '-qversion'; did you mean '--version'?
clang: error: no input files
configure:4059: $? = 1
configure:4063: checking whether we are using the GNU C compiler
configure:4082: gcc -c   conftest.c >&5
configure:4082: $? = 0
configure:4091: result: yes
configure:4100: checking whether gcc accepts -g
configure:4120: gcc -c -g  conftest.c >&5
configure:4120: $? = 0
configure:4161: result: yes
configure:4178: checking for gcc option to accept ISO C89
configure:4241: gcc  -c -g -O2  conftest.c >&5
configure:4241: $? = 0
configure:4254: result: none needed
configure:4279: checking whether gcc understands -c and -o together
configure:4301: gcc -c conftest.c -o conftest2.o
configure:4304: $? = 0
configure:4301: gcc -c conftest.c -o conftest2.o
configure:4304: $? = 0
configure:4316: result: yes
configure:4335: checking dependency style of gcc
configure:4446: result: gcc3
configure:4467: checking how to run the C preprocessor
configure:4498: gcc -E  conftest.c
configure:4498: $? = 0
configure:4512: gcc -E  conftest.c
conftest.c:11:10: fatal error: 'ac_nonexistent.h' file not found
#include <ac_nonexistent.h>
         ^~~~~~~~~~~~~~~~~~
1 error generated.
configure:4512: $? = 1
configure: failed program was:
| /* confdefs.h */
| #define PACKAGE_NAME ""
| #define PACKAGE_TARNAME ""
| #define PACKAGE_VERSION ""
| #define PACKAGE_STRING ""
| #define PACKAGE_BUGREPORT ""
| #define PACKAGE_URL ""
| #define PACKAGE "gluezilla"
| #define VERSION "2.12"
| /* end confdefs.h.  */
| #include <ac_nonexistent.h>
configure:4537: result: gcc -E
configure:4557: gcc -E  conftest.c
configure:4557: $? = 0
configure:4571: gcc -E  conftest.c
conftest.c:11:10: fatal error: 'ac_nonexistent.h' file not found
#include <ac_nonexistent.h>
         ^~~~~~~~~~~~~~~~~~
1 error generated.
configure:4571: $? = 1
configure: failed program was:
| /* confdefs.h */
| #define PACKAGE_NAME ""
| #define PACKAGE_TARNAME ""
| #define PACKAGE_VERSION ""
| #define PACKAGE_STRING ""
| #define PACKAGE_BUGREPORT ""
| #define PACKAGE_URL ""
| #define PACKAGE "gluezilla"
| #define VERSION "2.12"
| /* end confdefs.h.  */
| #include <ac_nonexistent.h>
configure:4600: checking for grep that handles long lines and -e
configure:4658: result: /usr/bin/grep
configure:4663: checking for egrep
configure:4725: result: /usr/bin/grep -E
configure:4730: checking for ANSI C header files
configure:4750: gcc -c -g -O2  conftest.c >&5
configure:4750: $? = 0
configure:4823: gcc -o conftest -g -O2   conftest.c  >&5
configure:4823: $? = 0
configure:4823: ./conftest
configure:4823: $? = 0
configure:4834: result: yes
configure:4919: checking how to print strings
configure:4946: result: printf
configure:4967: checking for a sed that does not truncate output
configure:5031: result: /usr/bin/sed
configure:5049: checking for fgrep
configure:5111: result: /usr/bin/grep -F
configure:5146: checking for ld used by gcc
configure:5213: result: /Applications/Xcode.app/Contents/Developer/Toolchains/XcodeDefault.xctoolchain/usr/bin/ld
configure:5220: checking if the linker (/Applications/Xcode.app/Contents/Developer/Toolchains/XcodeDefault.xctoolchain/usr/bin/ld) is GNU ld
configure:5235: result: no
configure:5247: checking for BSD- or MS-compatible name lister (nm)
configure:5301: result: /usr/bin/nm -B
configure:5431: checking the name lister (/usr/bin/nm -B) interface
configure:5438: gcc -c -g -O2  conftest.c >&5
configure:5441: /usr/bin/nm -B "conftest.o"
configure:5444: output
00000000000001e0 S _some_variable
configure:5451: result: BSD nm
configure:5454: checking whether ln -s works
configure:5458: result: yes
configure:5466: checking the maximum length of command line arguments
configure:5597: result: 196608
configure:5645: checking how to convert x86_64-apple-darwin19.4.0 file names to x86_64-apple-darwin19.4.0 format
configure:5685: result: func_convert_file_noop
configure:5692: checking how to convert x86_64-apple-darwin19.4.0 file names to toolchain format
configure:5712: result: func_convert_file_noop
configure:5719: checking for /Applications/Xcode.app/Contents/Developer/Toolchains/XcodeDefault.xctoolchain/usr/bin/ld option to reload object files
configure:5726: result: -r
configure:5800: checking for objdump
configure:5816: found /usr/bin/objdump
configure:5827: result: objdump
configure:5859: checking how to recognize dependent libraries
configure:6059: result: pass_all
configure:6144: checking for dlltool
configure:6174: result: no
configure:6204: checking how to associate runtime and link libraries
configure:6231: result: printf %s\n
configure:6291: checking for ar
configure:6307: found /usr/bin/ar
configure:6318: result: ar
configure:6355: checking for archiver @FILE support
configure:6372: gcc -c -g -O2  conftest.c >&5
configure:6372: $? = 0
configure:6375: ar cru libconftest.a @conftest.lst >&5
ar: @conftest.lst: No such file or directory
configure:6378: $? = 1
configure:6398: result: no
configure:6456: checking for strip
configure:6472: found /usr/bin/strip
configure:6483: result: strip
configure:6555: checking for ranlib
configure:6571: found /usr/bin/ranlib
configure:6582: result: ranlib
configure:6684: checking command to parse /usr/bin/nm -B output from gcc object
configure:6837: gcc -c -g -O2  conftest.c >&5
configure:6840: $? = 0
configure:6844: /usr/bin/nm -B conftest.o \| sed -n -e 's/^.*[ ]\([BCDEGRST][BCDEGRST]*\)[ ][ ]*\([_A-Za-z][_A-Za-z0-9]*\)$/\1 \2 \2/p' | sed '/ __gnu_lto/d' \> conftest.nm
configure:6847: $? = 0
cannot find nm_test_var in conftest.nm
configure:6837: gcc -c -g -O2  conftest.c >&5
configure:6840: $? = 0
configure:6844: /usr/bin/nm -B conftest.o \| sed -n -e 's/^.*[ ]\([BCDEGRST][BCDEGRST]*\)[ ][ ]*_\([_A-Za-z][_A-Za-z0-9]*\)$/\1 _\2 \2/p' | sed '/ __gnu_lto/d' \> conftest.nm
configure:6847: $? = 0
configure:6913: gcc -o conftest -g -O2   conftest.c conftstm.o >&5
warning: (x86_64)  could not find object file symbol for symbol _main
configure:6916: $? = 0
configure:6954: result: ok
configure:7001: checking for sysroot
configure:7031: result: no
configure:7038: checking for a working dd
configure:7076: result: /bin/dd
configure:7080: checking how to truncate binary pipes
configure:7095: result: /bin/dd bs=4096 count=1
configure:7424: checking for mt
configure:7454: result: no
configure:7474: checking if : is a manifest tool
configure:7480: : '-?'
configure:7488: result: no
configure:7544: checking for dsymutil
configure:7560: found /usr/bin/dsymutil
configure:7571: result: dsymutil
configure:7636: checking for nmedit
configure:7652: found /usr/bin/nmedit
configure:7663: result: nmedit
configure:7728: checking for lipo
configure:7744: found /usr/bin/lipo
configure:7755: result: lipo
configure:7820: checking for otool
configure:7836: found /usr/bin/otool
configure:7847: result: otool
configure:7912: checking for otool64
configure:7942: result: no
configure:7987: checking for -single_module linker flag
gcc -g -O2  -o libconftest.dylib -dynamiclib -Wl,-single_module conftest.c
configure:8020: result: yes
configure:8023: checking for -exported_symbols_list linker flag
configure:8043: gcc -o conftest -g -O2   -Wl,-exported_symbols_list,conftest.sym conftest.c  >&5
configure:8043: $? = 0
configure:8053: result: yes
configure:8056: checking for -force_load linker flag
gcc -g -O2 -c -o conftest.o conftest.c
ar cru libconftest.a conftest.o
ranlib libconftest.a
gcc -g -O2  -o conftest conftest.c -Wl,-force_load,./libconftest.a
configure:8088: result: yes
configure:8165: checking for sys/types.h
configure:8165: gcc -c -g -O2  conftest.c >&5
configure:8165: $? = 0
configure:8165: result: yes
configure:8165: checking for sys/stat.h
configure:8165: gcc -c -g -O2  conftest.c >&5
configure:8165: $? = 0
configure:8165: result: yes
configure:8165: checking for stdlib.h
configure:8165: gcc -c -g -O2  conftest.c >&5
configure:8165: $? = 0
configure:8165: result: yes
configure:8165: checking for string.h
configure:8165: gcc -c -g -O2  conftest.c >&5
configure:8165: $? = 0
configure:8165: result: yes
configure:8165: checking for memory.h
configure:8165: gcc -c -g -O2  conftest.c >&5
configure:8165: $? = 0
configure:8165: result: yes
configure:8165: checking for strings.h
configure:8165: gcc -c -g -O2  conftest.c >&5
configure:8165: $? = 0
configure:8165: result: yes
configure:8165: checking for inttypes.h
configure:8165: gcc -c -g -O2  conftest.c >&5
configure:8165: $? = 0
configure:8165: result: yes
configure:8165: checking for stdint.h
configure:8165: gcc -c -g -O2  conftest.c >&5
configure:8165: $? = 0
configure:8165: result: yes
configure:8165: checking for unistd.h
configure:8165: gcc -c -g -O2  conftest.c >&5
configure:8165: $? = 0
configure:8165: result: yes
configure:8179: checking for dlfcn.h
configure:8179: gcc -c -g -O2  conftest.c >&5
configure:8179: $? = 0
configure:8179: result: yes
configure:8416: checking for objdir
configure:8431: result: .libs
configure:8691: checking if gcc supports -fno-rtti -fno-exceptions
configure:8709: gcc -c -g -O2  -fno-rtti -fno-exceptions conftest.c >&5
configure:8713: $? = 0
configure:8726: result: yes
configure:9084: checking for gcc option to produce PIC
configure:9091: result: -fno-common -DPIC
configure:9099: checking if gcc PIC flag -fno-common -DPIC works
configure:9117: gcc -c -g -O2  -fno-common -DPIC -DPIC conftest.c >&5
configure:9121: $? = 0
configure:9134: result: yes
configure:9163: checking if gcc static flag -static works
configure:9191: result: no
configure:9206: checking if gcc supports -c -o file.o
configure:9227: gcc -c -g -O2  -o out/conftest2.o conftest.c >&5
configure:9231: $? = 0
configure:9253: result: yes
configure:9261: checking if gcc supports -c -o file.o
configure:9308: result: yes
configure:9341: checking whether the gcc linker (/Applications/Xcode.app/Contents/Developer/Toolchains/XcodeDefault.xctoolchain/usr/bin/ld) supports shared libraries
configure:10600: result: yes
configure:10840: checking dynamic linker characteristics
configure:11658: result: darwin19.4.0 dyld
configure:11780: checking how to hardcode library paths into programs
configure:11805: result: immediate
configure:12353: checking whether stripping libraries is possible
configure:12367: result: yes
configure:12393: checking if libtool supports shared libraries
configure:12395: result: yes
configure:12398: checking whether to build shared libraries
configure:12423: result: yes
configure:12426: checking whether to build static libraries
configure:12430: result: no
configure:12453: checking how to run the C++ preprocessor
configure:12480: g++ -E  conftest.cpp
configure:12480: $? = 0
configure:12494: g++ -E  conftest.cpp
conftest.cpp:23:10: fatal error: 'ac_nonexistent.h' file not found
#include <ac_nonexistent.h>
         ^~~~~~~~~~~~~~~~~~
1 error generated.
configure:12494: $? = 1
configure: failed program was:
| /* confdefs.h */
| #define PACKAGE_NAME ""
| #define PACKAGE_TARNAME ""
| #define PACKAGE_VERSION ""
| #define PACKAGE_STRING ""
| #define PACKAGE_BUGREPORT ""
| #define PACKAGE_URL ""
| #define PACKAGE "gluezilla"
| #define VERSION "2.12"
| #define STDC_HEADERS 1
| #define HAVE_SYS_TYPES_H 1
| #define HAVE_SYS_STAT_H 1
| #define HAVE_STDLIB_H 1
| #define HAVE_STRING_H 1
| #define HAVE_MEMORY_H 1
| #define HAVE_STRINGS_H 1
| #define HAVE_INTTYPES_H 1
| #define HAVE_STDINT_H 1
| #define HAVE_UNISTD_H 1
| #define HAVE_DLFCN_H 1
| #define LT_OBJDIR ".libs/"
| /* end confdefs.h.  */
| #include <ac_nonexistent.h>
configure:12519: result: g++ -E
configure:12539: g++ -E  conftest.cpp
configure:12539: $? = 0
configure:12553: g++ -E  conftest.cpp
conftest.cpp:23:10: fatal error: 'ac_nonexistent.h' file not found
#include <ac_nonexistent.h>
         ^~~~~~~~~~~~~~~~~~
1 error generated.
configure:12553: $? = 1
configure: failed program was:
| /* confdefs.h */
| #define PACKAGE_NAME ""
| #define PACKAGE_TARNAME ""
| #define PACKAGE_VERSION ""
| #define PACKAGE_STRING ""
| #define PACKAGE_BUGREPORT ""
| #define PACKAGE_URL ""
| #define PACKAGE "gluezilla"
| #define VERSION "2.12"
| #define STDC_HEADERS 1
| #define HAVE_SYS_TYPES_H 1
| #define HAVE_SYS_STAT_H 1
| #define HAVE_STDLIB_H 1
| #define HAVE_STRING_H 1
| #define HAVE_MEMORY_H 1
| #define HAVE_STRINGS_H 1
| #define HAVE_INTTYPES_H 1
| #define HAVE_STDINT_H 1
| #define HAVE_UNISTD_H 1
| #define HAVE_DLFCN_H 1
| #define LT_OBJDIR ".libs/"
| /* end confdefs.h.  */
| #include <ac_nonexistent.h>
configure:12715: checking for ld used by g++
configure:12782: result: /Applications/Xcode.app/Contents/Developer/Toolchains/XcodeDefault.xctoolchain/usr/bin/ld
configure:12789: checking if the linker (/Applications/Xcode.app/Contents/Developer/Toolchains/XcodeDefault.xctoolchain/usr/bin/ld) is GNU ld
configure:12804: result: no
configure:12859: checking whether the g++ linker (/Applications/Xcode.app/Contents/Developer/Toolchains/XcodeDefault.xctoolchain/usr/bin/ld) supports shared libraries
configure:13932: result: yes
configure:13968: g++ -c -g -O2  conftest.cpp >&5
configure:13971: $? = 0
configure:14452: checking for g++ option to produce PIC
configure:14459: result: -fno-common -DPIC
configure:14467: checking if g++ PIC flag -fno-common -DPIC works
configure:14485: g++ -c -g -O2  -fno-common -DPIC -DPIC conftest.cpp >&5
configure:14489: $? = 0
configure:14502: result: yes
configure:14525: checking if g++ static flag -static works
configure:14553: result: no
configure:14565: checking if g++ supports -c -o file.o
configure:14586: g++ -c -g -O2  -o out/conftest2.o conftest.cpp >&5
configure:14590: $? = 0
configure:14612: result: yes
configure:14617: checking if g++ supports -c -o file.o
configure:14664: result: yes
configure:14694: checking whether the g++ linker (/Applications/Xcode.app/Contents/Developer/Toolchains/XcodeDefault.xctoolchain/usr/bin/ld) supports shared libraries
configure:14734: result: yes
configure:14875: checking dynamic linker characteristics
configure:15620: result: darwin19.4.0 dyld
configure:15685: checking how to hardcode library paths into programs
configure:15710: result: immediate
configure:15826: checking for pkg-config
configure:15844: found /usr/local/bin/pkg-config
configure:15856: result: /usr/local/bin/pkg-config
configure:15881: checking pkg-config is at least version 0.9.0
configure:15884: result: yes
configure:15893: checking Gtk+ 2.0
configure:15896: result: found
configure:15903: checking Mono
configure:15906: result: found
configure:15913: checking Mozilla NSPR
configure:15918: result: nspr
configure:15930: checking Mozilla NSS
configure:15935: result: nss
configure:15984: checking Mozilla XPCOM > 1.8
configure:15996: result: Found 2.0
configure:16225: checking that generated files are newer than configure
configure:16231: result: done
configure:16274: creating ./config.status

## ---------------------- ##
## Running config.status. ##
## ---------------------- ##

This file was extended by config.status, which was
generated by GNU Autoconf 2.69.  Invocation command line was

  CONFIG_FILES    = 
  CONFIG_HEADERS  = 
  CONFIG_LINKS    = 
  CONFIG_COMMANDS = 
  $ ./config.status 

on edisonlee55mbp.local

config.status:1179: creating libgluezilla0.spec
config.status:1179: creating Makefile
config.status:1179: creating build/Makefile
config.status:1179: creating src/Makefile
config.status:1179: creating tests/browser/Makefile
config.status:1179: creating config.h
config.status:1360: config.h is unchanged
config.status:1408: executing depfiles commands
config.status:1485: cd src       && sed -e '/# am--include-marker/d' Makefile         | make -f - am--depfiles
make: Nothing to be done for `am--depfiles'.
config.status:1490: $? = 0
config.status:1408: executing libtool commands
configure:18685: WARNING: unrecognized options: --enable-compile-warnings

## ---------------- ##
## Cache variables. ##
## ---------------- ##

ac_cv_build=x86_64-apple-darwin19.4.0
ac_cv_c_compiler_gnu=yes
ac_cv_cxx_compiler_gnu=yes
ac_cv_env_CCC_set=
ac_cv_env_CCC_value=
ac_cv_env_CC_set=
ac_cv_env_CC_value=
ac_cv_env_CFLAGS_set=
ac_cv_env_CFLAGS_value=
ac_cv_env_CPPFLAGS_set=
ac_cv_env_CPPFLAGS_value=
ac_cv_env_CPP_set=
ac_cv_env_CPP_value=
ac_cv_env_CXXCPP_set=
ac_cv_env_CXXCPP_value=
ac_cv_env_CXXFLAGS_set=
ac_cv_env_CXXFLAGS_value=
ac_cv_env_CXX_set=
ac_cv_env_CXX_value=
ac_cv_env_LDFLAGS_set=
ac_cv_env_LDFLAGS_value=
ac_cv_env_LIBS_set=
ac_cv_env_LIBS_value=
ac_cv_env_LT_SYS_LIBRARY_PATH_set=
ac_cv_env_LT_SYS_LIBRARY_PATH_value=
ac_cv_env_PKG_CONFIG_LIBDIR_set=
ac_cv_env_PKG_CONFIG_LIBDIR_value=
ac_cv_env_PKG_CONFIG_PATH_set=
ac_cv_env_PKG_CONFIG_PATH_value=
ac_cv_env_PKG_CONFIG_set=
ac_cv_env_PKG_CONFIG_value=
ac_cv_env_build_alias_set=
ac_cv_env_build_alias_value=
ac_cv_env_host_alias_set=
ac_cv_env_host_alias_value=
ac_cv_env_target_alias_set=
ac_cv_env_target_alias_value=
ac_cv_header_dlfcn_h=yes
ac_cv_header_inttypes_h=yes
ac_cv_header_memory_h=yes
ac_cv_header_stdc=yes
ac_cv_header_stdint_h=yes
ac_cv_header_stdlib_h=yes
ac_cv_header_string_h=yes
ac_cv_header_strings_h=yes
ac_cv_header_sys_stat_h=yes
ac_cv_header_sys_types_h=yes
ac_cv_header_unistd_h=yes
ac_cv_host=x86_64-apple-darwin19.4.0
ac_cv_objext=o
ac_cv_path_EGREP='/usr/bin/grep -E'
ac_cv_path_FGREP='/usr/bin/grep -F'
ac_cv_path_GREP=/usr/bin/grep
ac_cv_path_SED=/usr/bin/sed
ac_cv_path_ac_pt_PKG_CONFIG=/usr/local/bin/pkg-config
ac_cv_path_install='/usr/local/bin/ginstall -c'
ac_cv_path_lt_DD=/bin/dd
ac_cv_path_mkdir=/usr/local/bin/gmkdir
ac_cv_prog_AWK=awk
ac_cv_prog_CPP='gcc -E'
ac_cv_prog_CXXCPP='g++ -E'
ac_cv_prog_ac_ct_AR=ar
ac_cv_prog_ac_ct_CC=gcc
ac_cv_prog_ac_ct_CXX=g++
ac_cv_prog_ac_ct_DSYMUTIL=dsymutil
ac_cv_prog_ac_ct_LIPO=lipo
ac_cv_prog_ac_ct_NMEDIT=nmedit
ac_cv_prog_ac_ct_OBJDUMP=objdump
ac_cv_prog_ac_ct_OTOOL=otool
ac_cv_prog_ac_ct_RANLIB=ranlib
ac_cv_prog_ac_ct_STRIP=strip
ac_cv_prog_cc_c89=
ac_cv_prog_cc_g=yes
ac_cv_prog_cxx_g=yes
ac_cv_prog_make_make_set=yes
ac_cv_target=x86_64-apple-darwin19.4.0
am_cv_CC_dependencies_compiler_type=gcc3
am_cv_CXX_dependencies_compiler_type=gcc3
am_cv_make_support_nested_variables=yes
am_cv_prog_cc_c_o=yes
lt_cv_apple_cc_single_mod=yes
lt_cv_ar_at_file=no
lt_cv_deplibs_check_method=pass_all
lt_cv_file_magic_cmd='$MAGIC_CMD'
lt_cv_file_magic_test_file=
lt_cv_ld_exported_symbols_list=yes
lt_cv_ld_force_load=yes
lt_cv_ld_reload_flag=-r
lt_cv_nm_interface='BSD nm'
lt_cv_objdir=.libs
lt_cv_path_LD=/Applications/Xcode.app/Contents/Developer/Toolchains/XcodeDefault.xctoolchain/usr/bin/ld
lt_cv_path_LDCXX=/Applications/Xcode.app/Contents/Developer/Toolchains/XcodeDefault.xctoolchain/usr/bin/ld
lt_cv_path_NM='/usr/bin/nm -B'
lt_cv_path_mainfest_tool=no
lt_cv_prog_compiler_c_o=yes
lt_cv_prog_compiler_c_o_CXX=yes
lt_cv_prog_compiler_pic='-fno-common -DPIC'
lt_cv_prog_compiler_pic_CXX='-fno-common -DPIC'
lt_cv_prog_compiler_pic_works=yes
lt_cv_prog_compiler_pic_works_CXX=yes
lt_cv_prog_compiler_rtti_exceptions=yes
lt_cv_prog_compiler_static_works=no
lt_cv_prog_compiler_static_works_CXX=no
lt_cv_prog_gnu_ld=no
lt_cv_prog_gnu_ldcxx=no
lt_cv_sharedlib_from_linklib_cmd='printf %s\n'
lt_cv_sys_global_symbol_pipe='sed -n -e '\''s/^.*[	 ]\([BCDEGRST][BCDEGRST]*\)[	 ][	 ]*_\([_A-Za-z][_A-Za-z0-9]*\)$/\1 _\2 \2/p'\'' | sed '\''/ __gnu_lto/d'\'''
lt_cv_sys_global_symbol_to_c_name_address='sed -n -e '\''s/^: \(.*\) .*$/  {"\1", (void *) 0},/p'\'' -e '\''s/^[BCDEGRST][BCDEGRST]* .* \(.*\)$/  {"\1", (void *) \&\1},/p'\'''
lt_cv_sys_global_symbol_to_c_name_address_lib_prefix='sed -n -e '\''s/^: \(.*\) .*$/  {"\1", (void *) 0},/p'\'' -e '\''s/^[BCDEGRST][BCDEGRST]* .* \(lib.*\)$/  {"\1", (void *) \&\1},/p'\'' -e '\''s/^[BCDEGRST][BCDEGRST]* .* \(.*\)$/  {"lib\1", (void *) \&\1},/p'\'''
lt_cv_sys_global_symbol_to_cdecl='sed -n -e '\''s/^T .* \(.*\)$/extern int \1();/p'\'' -e '\''s/^[BCDEGRST][BCDEGRST]* .* \(.*\)$/extern char \1;/p'\'''
lt_cv_sys_global_symbol_to_import=
lt_cv_sys_max_cmd_len=196608
lt_cv_to_host_file_cmd=func_convert_file_noop
lt_cv_to_tool_file_cmd=func_convert_file_noop
lt_cv_truncate_bin='/bin/dd bs=4096 count=1'

## ----------------- ##
## Output variables. ##
## ----------------- ##

ACLOCAL='${SHELL} /Users/edisonlee55/Downloads/gluezilla-master/missing aclocal-1.16'
AMDEPBACKSLASH='\'
AMDEP_FALSE='#'
AMDEP_TRUE=''
AMTAR='$${TAR-tar}'
AM_BACKSLASH='\'
AM_DEFAULT_V='$(AM_DEFAULT_VERBOSITY)'
AM_DEFAULT_VERBOSITY='1'
AM_V='$(V)'
AR='ar'
AUTOCONF='${SHELL} /Users/edisonlee55/Downloads/gluezilla-master/missing autoconf'
AUTOHEADER='${SHELL} /Users/edisonlee55/Downloads/gluezilla-master/missing autoheader'
AUTOMAKE='${SHELL} /Users/edisonlee55/Downloads/gluezilla-master/missing automake-1.16'
AWK='awk'
CC='gcc'
CCDEPMODE='depmode=gcc3'
CFLAGS='-g -O2'
CPP='gcc -E'
CPPFLAGS=''
CXX='g++'
CXXCPP='g++ -E'
CXXDEPMODE='depmode=gcc3'
CXXFLAGS=''
CYGPATH_W='echo'
DEFS='-DHAVE_CONFIG_H'
DEPDIR='.deps'
DLLTOOL='false'
DSYMUTIL='dsymutil'
DUMPBIN=''
ECHO_C='\c'
ECHO_N=''
ECHO_T=''
EGREP='/usr/bin/grep -E'
EXEEXT=''
FGREP='/usr/bin/grep -F'
GLUEZILLA_CFLAGS='-DXPCOM_GLUE -DXPCOM_GLUE_NEEDS_NSPR -fno-rtti -fshort-wchar -DXPCOM_GLUE -fshort-wchar -I/usr/local/Cellar/libffi/3.3/include -I/usr/local/Cellar/gtk+/2.24.32_3/include/gtk-2.0 -I/usr/local/Cellar/gtk+/2.24.32_3/lib/gtk-2.0/include -I/usr/local/Cellar/pango/1.44.7/include/pango-1.0 -I/usr/local/Cellar/fribidi/1.0.9/include/fribidi -I/usr/local/Cellar/harfbuzz/2.6.6/include/harfbuzz -I/usr/local/Cellar/graphite2/1.3.14/include -I/usr/local/Cellar/cairo/1.16.0_3/include/cairo -I/usr/local/Cellar/atk/2.36.0/include/atk-1.0 -I/usr/local/Cellar/cairo/1.16.0_3/include/cairo -I/usr/local/Cellar/pixman/0.40.0/include/pixman-1 -I/usr/local/Cellar/fontconfig/2.13.1/include -I/usr/local/opt/freetype/include/freetype2 -I/usr/local/Cellar/libpng/1.6.37/include/libpng16 -I/usr/local/Cellar/gdk-pixbuf/2.40.0_1/include/gdk-pixbuf-2.0 -I/usr/local/Cellar/glib/2.64.3/include -I/usr/local/Cellar/glib/2.64.3/include/glib-2.0 -I/usr/local/Cellar/glib/2.64.3/lib/glib-2.0/include -I/usr/local/opt/gettext/include -I/usr/local/Cellar/pcre/8.44/include -I/Library/Frameworks/XUL.framework/Versions/Current/include -I/Library/Frameworks/XUL.framework/Versions/Current/include/nspr -I/usr/local/Cellar/nspr/4.25/include/nspr'
GLUEZILLA_LIBS='-L/usr/local/Cellar/gtk+/2.24.32_3/lib -L/usr/local/Cellar/pango/1.44.7/lib -L/usr/local/Cellar/harfbuzz/2.6.6/lib -L/usr/local/Cellar/atk/2.36.0/lib -L/usr/local/Cellar/cairo/1.16.0_3/lib -L/usr/local/Cellar/gdk-pixbuf/2.40.0_1/lib -L/usr/local/Cellar/glib/2.64.3/lib -L/usr/local/opt/gettext/lib -L/usr/local/Cellar/nspr/4.25/lib -lgtk-quartz-2.0 -lgdk-quartz-2.0 -framework Cocoa -lpangocairo-1.0 -lpango-1.0 -lharfbuzz -latk-1.0 -lcairo -lgdk_pixbuf-2.0 -lgio-2.0 -lgobject-2.0 -lgthread-2.0 -lglib-2.0 -lintl -lplds4 -lplc4 -lnspr4 -L/Library/Frameworks/XUL.framework/Versions/Current/sdk/lib -lxpcomglue'
GREP='/usr/bin/grep'
INSTALL_DATA='${INSTALL} -m 644'
INSTALL_PROGRAM='${INSTALL}'
INSTALL_SCRIPT='${INSTALL}'
INSTALL_STRIP_PROGRAM='$(install_sh) -c -s'
LD='/Applications/Xcode.app/Contents/Developer/Toolchains/XcodeDefault.xctoolchain/usr/bin/ld'
LDFLAGS=''
LIBOBJS=''
LIBS=''
LIBTOOL='$(SHELL) $(top_builddir)/libtool'
LIPO='lipo'
LN_S='ln -s'
LTLIBOBJS=''
LT_SYS_LIBRARY_PATH=''
MAINT=''
MAINTAINER_MODE_FALSE='#'
MAINTAINER_MODE_TRUE=''
MAKEINFO='${SHELL} /Users/edisonlee55/Downloads/gluezilla-master/missing makeinfo'
MANIFEST_TOOL=':'
MKDIR_P='/usr/local/bin/gmkdir -p'
NM='/usr/bin/nm -B'
NMEDIT='nmedit'
OBJDUMP='objdump'
OBJEXT='o'
OTOOL64=':'
OTOOL='otool'
PACKAGE='gluezilla'
PACKAGE_BUGREPORT=''
PACKAGE_NAME=''
PACKAGE_STRING=''
PACKAGE_TARNAME=''
PACKAGE_URL=''
PACKAGE_VERSION=''
PATH_SEPARATOR=':'
PKG_CONFIG='/usr/local/bin/pkg-config'
PKG_CONFIG_LIBDIR=''
PKG_CONFIG_PATH=''
RANLIB='ranlib'
SED='/usr/bin/sed'
SET_MAKE=''
SHELL='/bin/sh'
STRIP='strip'
VERSION='2.12'
XUL_2_FALSE=''
XUL_2_TRUE='#'
XUL_3_FALSE=''
XUL_3_TRUE='#'
XUL_4_FALSE='#'
XUL_4_TRUE=''
XUL_VERSION='4'
ac_ct_AR='ar'
ac_ct_CC='gcc'
ac_ct_CXX='g++'
ac_ct_DUMPBIN=''
am__EXEEXT_FALSE=''
am__EXEEXT_TRUE='#'
am__fastdepCC_FALSE='#'
am__fastdepCC_TRUE=''
am__fastdepCXX_FALSE='#'
am__fastdepCXX_TRUE=''
am__include='include'
am__isrc=''
am__leading_dot='.'
am__nodep='_no'
am__quote=''
am__tar='$${TAR-tar} chof - "$$tardir"'
am__untar='$${TAR-tar} xf -'
autoconf_default_CXXFLAGS='-g -O2'
bindir='${exec_prefix}/bin'
build='x86_64-apple-darwin19.4.0'
build_alias=''
build_cpu='x86_64'
build_os='darwin19.4.0'
build_vendor='apple'
datadir='${datarootdir}'
datarootdir='${prefix}/share'
docdir='${datarootdir}/doc/${PACKAGE}'
dvidir='${docdir}'
exec_prefix='${prefix}'
host='x86_64-apple-darwin19.4.0'
host_alias=''
host_cpu='x86_64'
host_os='darwin19.4.0'
host_vendor='apple'
htmldir='${docdir}'
includedir='${prefix}/include'
infodir='${datarootdir}/info'
install_sh='${SHELL} /Users/edisonlee55/Downloads/gluezilla-master/install-sh'
libdir='${exec_prefix}/lib'
libexecdir='${exec_prefix}/libexec'
localedir='${datarootdir}/locale'
localstatedir='${prefix}/var'
mandir='${datarootdir}/man'
mkdir_p='$(MKDIR_P)'
oldincludedir='/usr/include'
pdfdir='${docdir}'
prefix='/usr/local'
program_transform_name='s,x,x,'
psdir='${docdir}'
sbindir='${exec_prefix}/sbin'
sharedstatedir='${prefix}/com'
sysconfdir='${prefix}/etc'
target='x86_64-apple-darwin19.4.0'
target_alias=''
target_cpu='x86_64'
target_os='darwin19.4.0'
target_vendor='apple'

## ----------- ##
## confdefs.h. ##
## ----------- ##

/* confdefs.h */
#define PACKAGE_NAME ""
#define PACKAGE_TARNAME ""
#define PACKAGE_VERSION ""
#define PACKAGE_STRING ""
#define PACKAGE_BUGREPORT ""
#define PACKAGE_URL ""
#define PACKAGE "gluezilla"
#define VERSION "2.12"
#define STDC_HEADERS 1
#define HAVE_SYS_TYPES_H 1
#define HAVE_SYS_STAT_H 1
#define HAVE_STDLIB_H 1
#define HAVE_STRING_H 1
#define HAVE_MEMORY_H 1
#define HAVE_STRINGS_H 1
#define HAVE_INTTYPES_H 1
#define HAVE_STDINT_H 1
#define HAVE_UNISTD_H 1
#define HAVE_DLFCN_H 1
#define LT_OBJDIR ".libs/"

configure: exit 0
